TN:
SF:src/index.ts
FNF:9
FNH:6
DA:1,81
DA:15,60
DA:20,79
DA:26,20
DA:27,74
DA:33,24
DA:34,85
DA:45,59
DA:46,113
DA:54,27
DA:55,84
DA:56,17
DA:57,9
DA:59,70
DA:60,52
DA:61,17
DA:62,9
DA:64,98
DA:67,46
DA:68,41
DA:69,16
DA:70,9
DA:73,84
DA:76,61
DA:77,93
DA:78,64
DA:79,9
DA:80,9
DA:83,72
DA:84,43
DA:92,39
DA:93,82
DA:95,30
DA:96,11
DA:97,9
DA:99,31
DA:100,39
DA:101,9
DA:104,59
DA:111,28
DA:112,82
DA:114,30
DA:115,11
DA:116,9
DA:119,68
DA:121,24
DA:123,25
DA:124,27
DA:126,95
DA:127,50
DA:128,18
DA:132,86
DA:139,0
DA:140,0
DA:141,56
DA:148,0
DA:149,0
DA:150,17
DA:152,2
DA:155,45
LF:155
LH:56
end_of_record
